In child1
working on a job.
In child2
working on a job.
In child3
working on a job.
working on a job.
In child4
working on a job.
working on a job.
In child5
working on a job.
working on a job.
working on a job.
working on a job.
working on a job.
working on a job.
working on a job.
working on a job.
working on a job.
working on a job.
working on a job.
working on a job.
working on a job.
working on a job.
working on a job.
working on a job.
working on a job.
working on a job.
working on a job.
working on a job.
working on a job.
working on a job.
working on a job.
working on a job.
working on a job.
working on a job.
working on a job.
working on a job.
working on a job.
working on a job.
working on a job.
working on a job.
working on a job.
working on a job.
working on a job.
working on a job.
working on a job.
working on a job.
working on a job.
working on a job.
working on a job.
working on a job.
working on a job.
working on a job.
working on a job.
working on a job.
working on a job.
checking for new jobs that need done.
Caught SIGCHLD
Child 4 completed
Caught SIGCHLD
Caught SIGCHLD
checking for new jobs that need done.
Child 1 completed
Caught SIGCHLD
checking for new jobs that need done.
Child 2 completed
checking for new jobs that need done.
Child 3 completed
checking for new jobs that need done.
Child 5 completed
In child1
1 Working on a job.
In child2
2 Working on a job.
In child3
3 Working on a job.
1 Working on a job.
In child4
4 Working on a job.
2 Working on a job.
In child5
5 Working on a job.
3 Working on a job.
1 Working on a job.
4 Working on a job.
2 Working on a job.
5 Working on a job.
3 Working on a job.
1 Working on a job.
4 Working on a job.
2 Working on a job.
5 Working on a job.
3 Working on a job.
1 Working on a job.
4 Working on a job.
2 Working on a job.
5 Working on a job.
3 Working on a job.
1 Working on a job.
4 Working on a job.
2 Working on a job.
5 Working on a job.
3 Working on a job.
1 Working on a job.
4 Working on a job.
2 Working on a job.
5 Working on a job.
3 Working on a job.
1 Working on a job.
4 Working on a job.
checking for new jobs that need done.
Caught SIGCHLD
Child 2 completed
Caught SIGCHLD
checking for new jobs that need done.
Child 1 completed
Caught SIGCHLD
checking for new jobs that need done.
Child 4 completed
Caught SIGCHLD
checking for new jobs that need done.
Child 3 completed
checking for new jobs that need done.
Child 5 completed
In child1
1 Working on a job.
In child2
2 Working on a job.
In child3
3 Working on a job.
1 Working on a job.
In child4
4 Working on a job.
2 Working on a job.
In child5
5 Working on a job.
3 Working on a job.
1 Working on a job.
4 Working on a job.
2 Working on a job.
5 Working on a job.
3 Working on a job.
1 Working on a job.
4 Working on a job.
2 Working on a job.
5 Working on a job.
3 Working on a job.
1 Working on a job.
4 Working on a job.
2 Working on a job.
5 Working on a job.
3 Working on a job.
1 Working on a job.
4 Working on a job.
2 Working on a job.
5 Working on a job.
3 Working on a job.
1 Working on a job.
4 Working on a job.
2 Working on a job.
5 Working on a job.
3 Working on a job.
1 Working on a job.
4 Working on a job.
2 Working on a job.
5 Working on a job.
3 Working on a job.
1 Working on a job.
4 Working on a job.
2 Working on a job.
5 Working on a job.
checking for new jobs that need done.
Caught SIGCHLD
Caught SIGCHLD
checking for new jobs that need done.
Caught SIGCHLD
checking for new jobs that need done.
Caught SIGCHLD
checking for new jobs that need done.
checking for new jobs that need done.
checking for new jobs that need done.
checking for new jobs that need done.
checking for new jobs that need done.
In child1
1 Working on a job.
In child2
2 Working on a job.
checking for new jobs that need done.
In child3
3 Working on a job.
1 Working on a job.
In child4
4 Working on a job.
2 Working on a job.
In child5
5 Working on a job.
checking for new jobs that need done.
3 Working on a job.
1 Working on a job.
4 Working on a job.
2 Working on a job.
5 Working on a job.
checking for new jobs that need done.
3 Working on a job.
1 Working on a job.
4 Working on a job.
2 Working on a job.
5 Working on a job.
checking for new jobs that need done.
3 Working on a job.
1 Working on a job.
4 Working on a job.
2 Working on a job.
5 Working on a job.
checking for new jobs that need done.
3 Working on a job.
1 Working on a job.
4 Working on a job.
2 Working on a job.
5 Working on a job.
checking for new jobs that need done.
3 Working on a job.
1 Working on a job.
4 Working on a job.
2 Working on a job.
5 Working on a job.
checking for new jobs that need done.
3 Working on a job.
1 Working on a job.
4 Working on a job.
2 Working on a job.
5 Working on a job.
checking for new jobs that need done.
3 Working on a job.
1 Working on a job.
4 Working on a job.
2 Working on a job.
5 Working on a job.
checking for new jobs that need done.
3 Working on a job.
1 Working on a job.
4 Working on a job.
2 Working on a job.
5 Working on a job.
checking for new jobs that need done.
3 Working on a job.
1 Working on a job.
4 Working on a job.
2 Working on a job.
5 Working on a job.
checking for new jobs that need done.
3 Working on a job.
1 Working on a job.
4 Working on a job.
2 Working on a job.
5 Working on a job.
checking for new jobs that need done.
checking for new jobs that need done.
checking for new jobs that need done.
checking for new jobs that need done.
In child1
1 Working on a job.
In child2
2 Working on a job.
checking for new jobs that need done.
In child3
3 Working on a job.
1 Working on a job.
In child4
4 Working on a job.
2 Working on a job.
In child5
checking for new jobs that need done.
5 Working on a job.
3 Working on a job.
1 Working on a job.
4 Working on a job.
2 Working on a job.
checking for new jobs that need done.
5 Working on a job.
3 Working on a job.
1 Working on a job.
4 Working on a job.
2 Working on a job.
5 Working on a job.
checking for new jobs that need done.
3 Working on a job.
1 Working on a job.
4 Working on a job.
2 Working on a job.
5 Working on a job.
checking for new jobs that need done.
3 Working on a job.
1 Working on a job.
4 Working on a job.
2 Working on a job.
checking for new jobs that need done.
5 Working on a job.
3 Working on a job.
1 Working on a job.
4 Working on a job.
2 Working on a job.
checking for new jobs that need done.
5 Working on a job.
3 Working on a job.
1 Working on a job.
4 Working on a job.
2 Working on a job.
checking for new jobs that need done.
5 Working on a job.
3 Working on a job.
1 Working on a job.
4 Working on a job.
2 Working on a job.
5 Working on a job.
checking for new jobs that need done.
3 Working on a job.
1 Working on a job.
4 Working on a job.
2 Working on a job.
checking for new jobs that need done.
5 Working on a job.
Child 3 completed
Child 5 completed
Caught SIGCHLD
Child 1 completed
Caught SIGCHLD
Caught SIGCHLD
Child 2 completed
Child 4 completed
checking for new jobs that need done.
checking for new jobs that need done.
checking for new jobs that need done.
In child1
1 Working on a job.
In child2
2 Working on a job.
checking for new jobs that need done.
In child3
3 Working on a job.
1 Working on a job.
In child4
4 Working on a job.
2 Working on a job.
In child5
5 Working on a job.
checking for new jobs that need done.
3 Working on a job.
1 Working on a job.
4 Working on a job.
2 Working on a job.
5 Working on a job.
checking for new jobs that need done.
3 Working on a job.
1 Working on a job.
4 Working on a job.
2 Working on a job.
5 Working on a job.
checking for new jobs that need done.
3 Working on a job.
1 Working on a job.
4 Working on a job.
2 Working on a job.
5 Working on a job.
checking for new jobs that need done.
3 Working on a job.
1 Working on a job.
4 Working on a job.
2 Working on a job.
5 Working on a job.
checking for new jobs that need done.
3 Working on a job.
1 Working on a job.
4 Working on a job.
2 Working on a job.
5 Working on a job.
checking for new jobs that need done.
3 Working on a job.
1 Working on a job.
4 Working on a job.
2 Working on a job.
5 Working on a job.
checking for new jobs that need done.
3 Working on a job.
1 Working on a job.
4 Working on a job.
2 Working on a job.
5 Working on a job.
checking for new jobs that need done.
3 Working on a job.
1 Working on a job.
4 Working on a job.
2 Working on a job.
5 Working on a job.
checking for new jobs that need done.
3 Working on a job.
1 Working on a job.
4 Working on a job.
2 Working on a job.
5 Working on a job.
checking for new jobs that need done.
3 Working on a job.
1 Working on a job.
4 Working on a job.
2 Working on a job.
5 Working on a job.
checking for new jobs that need done.
3 Working on a job.
1 Working on a job.
4 Working on a job.
2 Working on a job.
5 Working on a job.
checking for new jobs that need done.
3 Working on a job.
1 Working on a job.
4 Working on a job.
2 Working on a job.
5 Working on a job.
checking for new jobs that need done.
3 Working on a job.
1 Working on a job.
4 Working on a job.
2 Working on a job.
5 Working on a job.
checking for new jobs that need done.
3 Working on a job.
1 Working on a job.
4 Working on a job.
2 Working on a job.
5 Working on a job.
checking for new jobs that need done.
3 Working on a job.
1 Working on a job.
4 Working on a job.
2 Working on a job.
5 Working on a job.
checking for new jobs that need done.
3 Working on a job.
1 Working on a job.
4 Working on a job.
2 Working on a job.
5 Working on a job.
checking for new jobs that need done.
3 Working on a job.
1 Working on a job.
4 Working on a job.
2 Working on a job.
5 Working on a job.
checking for new jobs that need done.
3 Working on a job.
1 Working on a job.
4 Working on a job.
2 Working on a job.
5 Working on a job.
checking for new jobs that need done.
3 Working on a job.
1 Working on a job.
4 Working on a job.
2 Working on a job.
5 Working on a job.
checking for new jobs that need done.
3 Working on a job.
1 Working on a job.
4 Working on a job.
2 Working on a job.
5 Working on a job.
checking for new jobs that need done.
3 Working on a job.
1 Working on a job.
4 Working on a job.
2 Working on a job.
5 Working on a job.
checking for new jobs that need done.
3 Working on a job.
1 Working on a job.
4 Working on a job.
2 Working on a job.
5 Working on a job.
checking for new jobs that need done.
3 Working on a job.
1 Working on a job.
4 Working on a job.
2 Working on a job.
5 Working on a job.
checking for new jobs that need done.
3 Working on a job.
1 Working on a job.
4 Working on a job.
2 Working on a job.
5 Working on a job.
checking for new jobs that need done.
3 Working on a job.
1 Working on a job.
4 Working on a job.
2 Working on a job.
5 Working on a job.
checking for new jobs that need done.
3 Working on a job.
1 Working on a job.
4 Working on a job.
2 Working on a job.
5 Working on a job.
checking for new jobs that need done.
3 Working on a job.
1 Working on a job.
4 Working on a job.
2 Working on a job.
5 Working on a job.
checking for new jobs that need done.
3 Working on a job.
1 Working on a job.
4 Working on a job.
2 Working on a job.
5 Working on a job.
checking for new jobs that need done.
3 Working on a job.
1 Working on a job.
4 Working on a job.
2 Working on a job.
5 Working on a job.
checking for new jobs that need done.
3 Working on a job.
1 Working on a job.
4 Working on a job.
2 Working on a job.
5 Working on a job.
checking for new jobs that need done.
3 Working on a job.
1 Working on a job.
4 Working on a job.
2 Working on a job.
5 Working on a job.
checking for new jobs that need done.
3 Working on a job.
1 Working on a job.
4 Working on a job.
2 Working on a job.
5 Working on a job.
checking for new jobs that need done.
3 Working on a job.
1 Working on a job.
4 Working on a job.
2 Working on a job.
5 Working on a job.
checking for new jobs that need done.
3 Working on a job.
1 Working on a job.
4 Working on a job.
2 Working on a job.
5 Working on a job.
checking for new jobs that need done.
3 Working on a job.
1 Working on a job.
4 Working on a job.
2 Working on a job.
5 Working on a job.
checking for new jobs that need done.
3 Working on a job.
1 Working on a job.
4 Working on a job.
2 Working on a job.
5 Working on a job.
checking for new jobs that need done.
3 Working on a job.
1 Working on a job.
4 Working on a job.
2 Working on a job.
5 Working on a job.
checking for new jobs that need done.
3 Working on a job.
1 Working on a job.
4 Working on a job.
2 Working on a job.
5 Working on a job.
checking for new jobs that need done.
3 Working on a job.
1 Working on a job.
4 Working on a job.
2 Working on a job.
5 Working on a job.
checking for new jobs that need done.
3 Working on a job.
1 Working on a job.
4 Working on a job.
2 Working on a job.
checking for new jobs that need done.
5 Working on a job.
3 Working on a job.
1 Working on a job.
4 Working on a job.
2 Working on a job.
5 Working on a job.
checking for new jobs that need done.
3 Working on a job.
1 Working on a job.
4 Working on a job.
2 Working on a job.
checking for new jobs that need done.
5 Working on a job.
3 Working on a job.
1 Working on a job.
4 Working on a job.
2 Working on a job.
checking for new jobs that need done.
5 Working on a job.
3 Working on a job.
1 Working on a job.
4 Working on a job.
2 Working on a job.
Child 1 completed
Caught SIGCHLD
Child 3 completed
Caught SIGCHLD
Child 4 completed
Caught SIGCHLD
Child 5 completed
Child 2 completed
Caught SIGCHLD
